<?xml version="1.0" encoding="UTF-8"?>
<!-- Generated by org.testng.reporters.JUnitReportReporter -->
<testsuite hostname="LAPTOP-04TAV6GP" failures="0" tests="6" name="TestCases.TC_ReqResAPIs" time="13.724" errors="0" timestamp="2024-05-17T21:28:26 IST" skipped="0">
  <testcase classname="TestCases.TC_ReqResAPIs" name="test_listOfAllObjects" time="8.742"/>
  <testcase classname="TestCases.TC_ReqResAPIs" name="test_addObject" time="3.137"/>
  <testcase classname="TestCases.TC_ReqResAPIs" name="test_listOfObjectsById" time="0.587"/>
  <testcase classname="TestCases.TC_ReqResAPIs" name="test_updateObject" time="0.406"/>
  <testcase classname="TestCases.TC_ReqResAPIs" name="test_partiallyUpdateObject" time="0.432"/>
  <testcase classname="TestCases.TC_ReqResAPIs" name="test_deleteObject" time="0.420"/>
</testsuite> <!-- TestCases.TC_ReqResAPIs -->
